<?xml version="1.0" encoding="UTF-8"?>
<!-- Generated by org.testng.reporters.JUnitReportReporter -->
<testsuite hostname="lgvn14575" name="com.stta.SuiteTwo.SuiteTwoCaseOne" tests="2" failures="0" timestamp="18 Mar 2016 08:02:22 GMT" time="0.006" errors="0">
  <testcase name="SuiteTwoCaseOneTest" time="0.005" classname="com.stta.SuiteTwo.SuiteTwoCaseOne"/>
  <testcase name="SuiteTwoCaseOneTest" time="0.001" classname="com.stta.SuiteTwo.SuiteTwoCaseOne"/>
</testsuite> <!-- com.stta.SuiteTwo.SuiteTwoCaseOne -->
