<?xml version="1.0" encoding="UTF-8"?>
<!-- Generated by org.testng.reporters.JUnitReportReporter -->
<testsuite hostname="lgvn14575" name="com.stta.SuiteOne.SuiteOneCaseOne" tests="2" failures="0" timestamp="28 Mar 2016 07:59:55 GMT" time="15.132" errors="0">
  <testcase name="SuiteOneCaseOneTest" time="12.156" classname="com.stta.SuiteOne.SuiteOneCaseOne"/>
  <testcase name="SuiteOneCaseOneTest" time="2.976" classname="com.stta.SuiteOne.SuiteOneCaseOne"/>
</testsuite> <!-- com.stta.SuiteOne.SuiteOneCaseOne -->
