<?xml version="1.0" encoding="UTF-8"?>
<!-- Generated by org.testng.reporters.JUnitReportReporter -->
<testsuite hostname="lgvn14575" name="com.stta.SuiteTwo.SuiteTwoCaseTwo" tests="2" failures="0" timestamp="18 Mar 2016 08:02:34 GMT" time="0.007" errors="0">
  <testcase name="SuiteTwoCaseTwoTest" time="0.005" classname="com.stta.SuiteTwo.SuiteTwoCaseTwo"/>
  <testcase name="SuiteTwoCaseTwoTest" time="0.002" classname="com.stta.SuiteTwo.SuiteTwoCaseTwo"/>
</testsuite> <!-- com.stta.SuiteTwo.SuiteTwoCaseTwo -->
